<?xml version="1.0" encoding="UTF-8"?>
<!-- Generated by org.testng.reporters.JUnitXMLReporter -->
<testsuite hostname="DESKTOP-MDF97HJ" name="Default test" tests="5" failures="0" timestamp="12 Nov 2021 13:37:04 GMT" time="410.017" errors="0">
  <testcase name="verifyAddEmployeeUsingDataDriven" time="56.001" classname="com.technocredits.orghm.testscripts.PIM_AddEmployeeTest"/>
  <testcase name="verifyAddEmployeeUsingDataDriven" time="52.367" classname="com.technocredits.orghm.testscripts.PIM_AddEmployeeTest"/>
  <testcase name="verifyAddEmployeeUsingDataDriven" time="56.57" classname="com.technocredits.orghm.testscripts.PIM_AddEmployeeTest"/>
  <testcase name="verifyAddEmployeeUsingDataDriven" time="50.292" classname="com.technocredits.orghm.testscripts.PIM_AddEmployeeTest"/>
  <testcase name="verifyAddEmployeeUsingDataDriven" time="53.456" classname="com.technocredits.orghm.testscripts.PIM_AddEmployeeTest"/>
</testsuite> <!-- Default test -->
