<?xml version="1.0" encoding="UTF-8"?>
<testng-results skipped="0" failed="0" total="1" passed="1">
  <reporter-output>
  </reporter-output>
  <suite name="Default suite" duration-ms="11810" started-at="2021-11-14T17:31:33Z" finished-at="2021-11-14T17:31:45Z">
    <groups>
    </groups>
    <test name="Default test" duration-ms="11810" started-at="2021-11-14T17:31:33Z" finished-at="2021-11-14T17:31:45Z">
      <class name="com.technocredits.orghm.testscripts.LoginTest">
        <test-method status="PASS" signature="setup()[pri:0, instance:com.technocredits.orghm.testscripts.LoginTest@6767c1fc]" name="setup" is-config="true" duration-ms="10483" started-at="2021-11-14T23:01:33Z" finished-at="2021-11-14T23:01:43Z">
          <reporter-output>
          </reporter-output>
        </test-method> <!-- setup -->
        <test-method status="PASS" signature="loginTestWithoutPassword()[pri:0, instance:com.technocredits.orghm.testscripts.LoginTest@6767c1fc]" name="loginTestWithoutPassword" duration-ms="995" started-at="2021-11-14T23:01:43Z" finished-at="2021-11-14T23:01:44Z">
          <reporter-output>
          </reporter-output>
        </test-method> <!-- loginTestWithoutPassword -->
        <test-method status="PASS" signature="teardown()[pri:0, instance:com.technocredits.orghm.testscripts.LoginTest@6767c1fc]" name="teardown" is-config="true" duration-ms="298" started-at="2021-11-14T23:01:44Z" finished-at="2021-11-14T23:01:45Z">
          <reporter-output>
          </reporter-output>
        </test-method> <!-- teardown -->
      </class> <!-- com.technocredits.orghm.testscripts.LoginTest -->
    </test> <!-- Default test -->
  </suite> <!-- Default suite -->
</testng-results>
