<?xml version="1.0" encoding="UTF-8"?>
<testng-results skipped="0" failed="0" total="5" passed="5">
  <reporter-output>
  </reporter-output>
  <suite name="Default suite" duration-ms="410017" started-at="2021-11-12T13:30:14Z" finished-at="2021-11-12T13:37:04Z">
    <groups>
    </groups>
    <test name="Default test" duration-ms="410017" started-at="2021-11-12T13:30:14Z" finished-at="2021-11-12T13:37:04Z">
      <class name="com.technocredits.orghm.testscripts.PIM_AddEmployeeTest">
        <test-method status="PASS" signature="setUp()[pri:0, instance:com.technocredits.orghm.testscripts.PIM_AddEmployeeTest@cc285f4]" name="setUp" is-config="true" duration-ms="42599" started-at="2021-11-12T19:00:23Z" finished-at="2021-11-12T19:01:06Z">
          <reporter-output>
          </reporter-output>
        </test-method> <!-- setUp -->
        <test-method status="PASS" signature="verifyAddEmployeeUsingDataDriven(java.lang.String, java.lang.String, java.lang.String, java.lang.String, java.lang.String, java.lang.String, java.lang.String, java.lang.String, java.lang.String, java.lang.String)[pri:0, instance:com.technocredits.orghm.testscripts.PIM_AddEmployeeTest@cc285f4]" name="verifyAddEmployeeUsingDataDriven" duration-ms="56001" started-at="2021-11-12T19:01:06Z" data-provider="employeeDataProvider" finished-at="2021-11-12T19:02:02Z">
          <params>
            <param index="0">
              <value>
                <![CDATA[elsa]]>
              </value>
            </param>
            <param index="1">
              <value>
                <![CDATA[a]]>
              </value>
            </param>
            <param index="2">
              <value>
                <![CDATA[bill]]>
              </value>
            </param>
            <param index="3">
              <value>
                <![CDATA[Canadian Development Center]]>
              </value>
            </param>
            <param index="4">
              <value>
                <![CDATA[reading]]>
              </value>
            </param>
            <param index="5">
              <value>
                <![CDATA[Twilight]]>
              </value>
            </param>
            <param index="6">
              <value>
                <![CDATA[23.0]]>
              </value>
            </param>
            <param index="7">
              <value>
                <![CDATA[Region-1]]>
              </value>
            </param>
            <param index="8">
              <value>
                <![CDATA[0.75]]>
              </value>
            </param>
            <param index="9">
              <value>
                <![CDATA[Sub unit-1]]>
              </value>
            </param>
          </params>
          <reporter-output>
          </reporter-output>
        </test-method> <!-- verifyAddEmployeeUsingDataDriven -->
        <test-method status="PASS" signature="tearDown()[pri:0, instance:com.technocredits.orghm.testscripts.PIM_AddEmployeeTest@cc285f4]" name="tearDown" is-config="true" duration-ms="420" started-at="2021-11-12T19:02:02Z" finished-at="2021-11-12T19:02:02Z">
          <reporter-output>
          </reporter-output>
        </test-method> <!-- tearDown -->
        <test-method status="PASS" signature="setUp()[pri:0, instance:com.technocredits.orghm.testscripts.PIM_AddEmployeeTest@cc285f4]" name="setUp" is-config="true" duration-ms="23062" started-at="2021-11-12T19:02:02Z" finished-at="2021-11-12T19:02:25Z">
          <reporter-output>
          </reporter-output>
        </test-method> <!-- setUp -->
        <test-method status="PASS" signature="verifyAddEmployeeUsingDataDriven(java.lang.String, java.lang.String, java.lang.String, java.lang.String, java.lang.String, java.lang.String, java.lang.String, java.lang.String, java.lang.String, java.lang.String)[pri:0, instance:com.technocredits.orghm.testscripts.PIM_AddEmployeeTest@cc285f4]" name="verifyAddEmployeeUsingDataDriven" duration-ms="52367" started-at="2021-11-12T19:02:25Z" data-provider="employeeDataProvider" finished-at="2021-11-12T19:03:17Z">
          <params>
            <param index="0">
              <value>
                <![CDATA[anna]]>
              </value>
            </param>
            <param index="1">
              <value>
                <![CDATA[a]]>
              </value>
            </param>
            <param index="2">
              <value>
                <![CDATA[bill]]>
              </value>
            </param>
            <param index="3">
              <value>
                <![CDATA[Canadian Development Center]]>
              </value>
            </param>
            <param index="4">
              <value>
                <![CDATA[painting]]>
              </value>
            </param>
            <param index="5">
              <value>
                <![CDATA[Twilight]]>
              </value>
            </param>
            <param index="6">
              <value>
                <![CDATA[24.0]]>
              </value>
            </param>
            <param index="7">
              <value>
                <![CDATA[Region-2]]>
              </value>
            </param>
            <param index="8">
              <value>
                <![CDATA[0.5]]>
              </value>
            </param>
            <param index="9">
              <value>
                <![CDATA[Sub unit-2]]>
              </value>
            </param>
          </params>
          <reporter-output>
          </reporter-output>
        </test-method> <!-- verifyAddEmployeeUsingDataDriven -->
        <test-method status="PASS" signature="tearDown()[pri:0, instance:com.technocredits.orghm.testscripts.PIM_AddEmployeeTest@cc285f4]" name="tearDown" is-config="true" duration-ms="708" started-at="2021-11-12T19:03:17Z" finished-at="2021-11-12T19:03:18Z">
          <reporter-output>
          </reporter-output>
        </test-method> <!-- tearDown -->
        <test-method status="PASS" signature="setUp()[pri:0, instance:com.technocredits.orghm.testscripts.PIM_AddEmployeeTest@cc285f4]" name="setUp" is-config="true" duration-ms="18448" started-at="2021-11-12T19:03:18Z" finished-at="2021-11-12T19:03:37Z">
          <reporter-output>
          </reporter-output>
        </test-method> <!-- setUp -->
        <test-method status="PASS" signature="verifyAddEmployeeUsingDataDriven(java.lang.String, java.lang.String, java.lang.String, java.lang.String, java.lang.String, java.lang.String, java.lang.String, java.lang.String, java.lang.String, java.lang.String)[pri:0, instance:com.technocredits.orghm.testscripts.PIM_AddEmployeeTest@cc285f4]" name="verifyAddEmployeeUsingDataDriven" duration-ms="56570" started-at="2021-11-12T19:03:37Z" data-provider="employeeDataProvider" finished-at="2021-11-12T19:04:33Z">
          <params>
            <param index="0">
              <value>
                <![CDATA[jack]]>
              </value>
            </param>
            <param index="1">
              <value>
                <![CDATA[j]]>
              </value>
            </param>
            <param index="2">
              <value>
                <![CDATA[black]]>
              </value>
            </param>
            <param index="3">
              <value>
                <![CDATA[Canadian Development Center]]>
              </value>
            </param>
            <param index="4">
              <value>
                <![CDATA[drawing]]>
              </value>
            </param>
            <param index="5">
              <value>
                <![CDATA[General]]>
              </value>
            </param>
            <param index="6">
              <value>
                <![CDATA[15.0]]>
              </value>
            </param>
            <param index="7">
              <value>
                <![CDATA[Region-3]]>
              </value>
            </param>
            <param index="8">
              <value>
                <![CDATA[1.0]]>
              </value>
            </param>
            <param index="9">
              <value>
                <![CDATA[Sub unit-3]]>
              </value>
            </param>
          </params>
          <reporter-output>
          </reporter-output>
        </test-method> <!-- verifyAddEmployeeUsingDataDriven -->
        <test-method status="PASS" signature="tearDown()[pri:0, instance:com.technocredits.orghm.testscripts.PIM_AddEmployeeTest@cc285f4]" name="tearDown" is-config="true" duration-ms="264" started-at="2021-11-12T19:04:33Z" finished-at="2021-11-12T19:04:33Z">
          <reporter-output>
          </reporter-output>
        </test-method> <!-- tearDown -->
        <test-method status="PASS" signature="setUp()[pri:0, instance:com.technocredits.orghm.testscripts.PIM_AddEmployeeTest@cc285f4]" name="setUp" is-config="true" duration-ms="25963" started-at="2021-11-12T19:04:33Z" finished-at="2021-11-12T19:04:59Z">
          <reporter-output>
          </reporter-output>
        </test-method> <!-- setUp -->
        <test-method status="PASS" signature="verifyAddEmployeeUsingDataDriven(java.lang.String, java.lang.String, java.lang.String, java.lang.String, java.lang.String, java.lang.String, java.lang.String, java.lang.String, java.lang.String, java.lang.String)[pri:0, instance:com.technocredits.orghm.testscripts.PIM_AddEmployeeTest@cc285f4]" name="verifyAddEmployeeUsingDataDriven" duration-ms="50292" started-at="2021-11-12T19:04:59Z" data-provider="employeeDataProvider" finished-at="2021-11-12T19:05:50Z">
          <params>
            <param index="0">
              <value>
                <![CDATA[rosalie]]>
              </value>
            </param>
            <param index="1">
              <value>
                <![CDATA[s]]>
              </value>
            </param>
            <param index="2">
              <value>
                <![CDATA[sam]]>
              </value>
            </param>
            <param index="3">
              <value>
                <![CDATA[Canadian Development Center]]>
              </value>
            </param>
            <param index="4">
              <value>
                <![CDATA[painting]]>
              </value>
            </param>
            <param index="5">
              <value>
                <![CDATA[Twilight]]>
              </value>
            </param>
            <param index="6">
              <value>
                <![CDATA[7.0]]>
              </value>
            </param>
            <param index="7">
              <value>
                <![CDATA[Region-3]]>
              </value>
            </param>
            <param index="8">
              <value>
                <![CDATA[0.75]]>
              </value>
            </param>
            <param index="9">
              <value>
                <![CDATA[Sub unit-2]]>
              </value>
            </param>
          </params>
          <reporter-output>
          </reporter-output>
        </test-method> <!-- verifyAddEmployeeUsingDataDriven -->
        <test-method status="PASS" signature="tearDown()[pri:0, instance:com.technocredits.orghm.testscripts.PIM_AddEmployeeTest@cc285f4]" name="tearDown" is-config="true" duration-ms="1378" started-at="2021-11-12T19:05:50Z" finished-at="2021-11-12T19:05:51Z">
          <reporter-output>
          </reporter-output>
        </test-method> <!-- tearDown -->
        <test-method status="PASS" signature="setUp()[pri:0, instance:com.technocredits.orghm.testscripts.PIM_AddEmployeeTest@cc285f4]" name="setUp" is-config="true" duration-ms="19468" started-at="2021-11-12T19:05:51Z" finished-at="2021-11-12T19:06:11Z">
          <reporter-output>
          </reporter-output>
        </test-method> <!-- setUp -->
        <test-method status="PASS" signature="verifyAddEmployeeUsingDataDriven(java.lang.String, java.lang.String, java.lang.String, java.lang.String, java.lang.String, java.lang.String, java.lang.String, java.lang.String, java.lang.String, java.lang.String)[pri:0, instance:com.technocredits.orghm.testscripts.PIM_AddEmployeeTest@cc285f4]" name="verifyAddEmployeeUsingDataDriven" duration-ms="53456" started-at="2021-11-12T19:06:11Z" data-provider="employeeDataProvider" finished-at="2021-11-12T19:07:04Z">
          <params>
            <param index="0">
              <value>
                <![CDATA[charlie]]>
              </value>
            </param>
            <param index="1">
              <value>
                <![CDATA[g]]>
              </value>
            </param>
            <param index="2">
              <value>
                <![CDATA[kale]]>
              </value>
            </param>
            <param index="3">
              <value>
                <![CDATA[Canadian Development Center]]>
              </value>
            </param>
            <param index="4">
              <value>
                <![CDATA[travelling]]>
              </value>
            </param>
            <param index="5">
              <value>
                <![CDATA[Default Shift]]>
              </value>
            </param>
            <param index="6">
              <value>
                <![CDATA[11.0]]>
              </value>
            </param>
            <param index="7">
              <value>
                <![CDATA[Region-2]]>
              </value>
            </param>
            <param index="8">
              <value>
                <![CDATA[1.0]]>
              </value>
            </param>
            <param index="9">
              <value>
                <![CDATA[Sub unit-1]]>
              </value>
            </param>
          </params>
          <reporter-output>
          </reporter-output>
        </test-method> <!-- verifyAddEmployeeUsingDataDriven -->
        <test-method status="PASS" signature="tearDown()[pri:0, instance:com.technocredits.orghm.testscripts.PIM_AddEmployeeTest@cc285f4]" name="tearDown" is-config="true" duration-ms="214" started-at="2021-11-12T19:07:04Z" finished-at="2021-11-12T19:07:04Z">
          <reporter-output>
          </reporter-output>
        </test-method> <!-- tearDown -->
      </class> <!-- com.technocredits.orghm.testscripts.PIM_AddEmployeeTest -->
    </test> <!-- Default test -->
  </suite> <!-- Default suite -->
</testng-results>
